[19:04:30.734] Global cache location '/home/souza/.cache/typescript/4.7', safe file path '/home/souza/.emacs.d/.local/etc/lsp/npm/typescript/lib/node_modules/typescript/lib/typingSafeList.json', types map path /home/souza/.emacs.d/.local/etc/lsp/npm/typescript/lib/node_modules/typescript/lib/typesMap.json
[19:04:30.736] Processing cache location '/home/souza/.cache/typescript/4.7'
[19:04:30.736] Trying to find '/home/souza/.cache/typescript/4.7/package.json'...
[19:04:30.895] Loaded content of '/home/souza/.cache/typescript/4.7/package.json': {"private":true,"dependencies":{"types-registry":"^0.1.602"},"devDependencies":{"@types/bootstrap":"^5.1.12","@types/express":"^4.17.13","@types/nodemon":"^1.19.2","@types/page":"^1.11.5","@types/react-bootstrap":"^0.32.30","@types/react-router-dom":"^5.3.3","@types/react-transition-group":"^4.4.5"}}
[19:04:30.895] Loaded content of '/home/souza/.cache/typescript/4.7/package-lock.json'
[19:04:31.049] Adding entry into typings cache: 'bootstrap' => '/home/souza/.cache/typescript/4.7/node_modules/@types/bootstrap/index.d.ts'
[19:04:31.082] Adding entry into typings cache: 'express' => '/home/souza/.cache/typescript/4.7/node_modules/@types/express/index.d.ts'
[19:04:31.103] Adding entry into typings cache: 'nodemon' => '/home/souza/.cache/typescript/4.7/node_modules/@types/nodemon/index.d.ts'
[19:04:31.118] Adding entry into typings cache: 'page' => '/home/souza/.cache/typescript/4.7/node_modules/@types/page/index.d.ts'
[19:04:31.131] Adding entry into typings cache: 'react-bootstrap' => '/home/souza/.cache/typescript/4.7/node_modules/@types/react-bootstrap/index.d.ts'
[19:04:31.162] Adding entry into typings cache: 'react-router-dom' => '/home/souza/.cache/typescript/4.7/node_modules/@types/react-router-dom/index.d.ts'
[19:04:31.191] Adding entry into typings cache: 'react-transition-group' => '/home/souza/.cache/typescript/4.7/node_modules/@types/react-transition-group/index.d.ts'
[19:04:31.191] Finished processing cache location '/home/souza/.cache/typescript/4.7'
[19:04:31.192] Process id: 8328
[19:04:31.192] NPM location: /usr/bin/npm (explicit '--npmLocation' not  provided)
[19:04:31.192] validateDefaultNpmLocation: false
[19:04:31.193] Npm config file: /home/souza/.cache/typescript/4.7/package.json
[19:04:31.193] Updating types-registry npm package...
[19:04:31.193] Exec: /usr/bin/npm install --ignore-scripts types-registry@latest
[19:05:42.858]     Succeeded. stdout:
    
    up to date in 1m

1 package is looking for funding
  run `npm fund` for details

[19:05:42.858] Updated types-registry npm package
[19:05:42.958] Got install request {"projectName":"/dev/null/inferredProject1*","fileNames":["/home/souza/.emacs.d/.local/etc/lsp/npm/typescript/lib/node_modules/typescript/lib/lib.es5.d.ts","/home/souza/.emacs.d/.local/etc/lsp/npm/typescript/lib/node_modules/typescript/lib/lib.es2015.d.ts","/home/souza/.emacs.d/.local/etc/lsp/npm/typescript/lib/node_modules/typescript/lib/lib.es2016.d.ts","/home/souza/.emacs.d/.local/etc/lsp/npm/typescript/lib/node_modules/typescript/lib/lib.dom.d.ts","/home/souza/.emacs.d/.local/etc/lsp/npm/typescript/lib/node_modules/typescript/lib/lib.dom.iterable.d.ts","/home/souza/.emacs.d/.local/etc/lsp/npm/typescript/lib/node_modules/typescript/lib/lib.webworker.importscripts.d.ts","/home/souza/.emacs.d/.local/etc/lsp/npm/typescript/lib/node_modules/typescript/lib/lib.scripthost.d.ts","/home/souza/.emacs.d/.local/etc/lsp/npm/typescript/lib/node_modules/typescript/lib/lib.es2015.core.d.ts","/home/souza/.emacs.d/.local/etc/lsp/npm/typescript/lib/node_modules/typescript/lib/lib.es2015.collection.d.ts","/home/souza/.emacs.d/.local/etc/lsp/npm/typescript/lib/node_modules/typescript/lib/lib.es2015.generator.d.ts","/home/souza/.emacs.d/.local/etc/lsp/npm/typescript/lib/node_modules/typescript/lib/lib.es2015.iterable.d.ts","/home/souza/.emacs.d/.local/etc/lsp/npm/typescript/lib/node_modules/typescript/lib/lib.es2015.promise.d.ts","/home/souza/.emacs.d/.local/etc/lsp/npm/typescript/lib/node_modules/typescript/lib/lib.es2015.proxy.d.ts","/home/souza/.emacs.d/.local/etc/lsp/npm/typescript/lib/node_modules/typescript/lib/lib.es2015.reflect.d.ts","/home/souza/.emacs.d/.local/etc/lsp/npm/typescript/lib/node_modules/typescript/lib/lib.es2015.symbol.d.ts","/home/souza/.emacs.d/.local/etc/lsp/npm/typescript/lib/node_modules/typescript/lib/lib.es2015.symbol.wellknown.d.ts","/home/souza/.emacs.d/.local/etc/lsp/npm/typescript/lib/node_modules/typescript/lib/lib.es2016.array.include.d.ts","/home/souza/.emacs.d/.local/etc/lsp/npm/typescript/lib/node_modules/typescript/lib/lib.es2016.full.d.ts","/home/souza/Organização/Recursos/Repositórios/mock-api/src/controllers/userController.js"],"compilerOptions":{"module":1,"target":3,"jsx":1,"allowJs":true,"allowSyntheticDefaultImports":true,"allowNonTsExtensions":true,"noEmitForJsFiles":true,"maxNodeModuleJsDepth":2},"typeAcquisition":{"enable":true,"include":[],"exclude":[]},"unresolvedImports":[],"projectRootPath":"/home/souza/Organização/Recursos/Repositórios/mock-api/src/controllers","kind":"discover"}
[19:05:42.988] Loaded safelist from types map file '/home/souza/.emacs.d/.local/etc/lsp/npm/typescript/lib/node_modules/typescript/lib/typesMap.json'
[19:05:42.989] Explicitly included types: []
[19:05:42.989] Inferred typings from unresolved imports: []
[19:05:42.990] Result: {"cachedTypingPaths":[],"newTypingNames":[],"filesToWatch":["/home/souza/Organização/Recursos/Repositórios/mock-api/src/controllers/bower_components","/home/souza/Organização/Recursos/Repositórios/mock-api/src/controllers/node_modules"]}
[19:05:42.990] Finished typings discovery: {"cachedTypingPaths":[],"newTypingNames":[],"filesToWatch":["/home/souza/Organização/Recursos/Repositórios/mock-api/src/controllers/bower_components","/home/souza/Organização/Recursos/Repositórios/mock-api/src/controllers/node_modules"]}
[19:05:42.990] DirectoryWatcher:: Added:: WatchInfo: /home/souza/Organização/Recursos/Repositórios/mock-api/src/controllers/bower_components
[19:05:42.991] DirectoryWatcher:: Added:: WatchInfo: /home/souza/Organização/Recursos/Repositórios/mock-api/src/controllers/bower_components 1 undefined Project: /dev/null/inferredProject1* watcher already invoked: false
[19:05:42.992] Elapsed:: 1.454793999902904ms DirectoryWatcher:: Added:: WatchInfo: /home/souza/Organização/Recursos/Repositórios/mock-api/src/controllers/bower_components 1 undefined Project: /dev/null/inferredProject1* watcher already invoked: false
[19:05:42.992] DirectoryWatcher:: Added:: WatchInfo: /home/souza/Organização/Recursos/Repositórios/mock-api/src/controllers/node_modules
[19:05:42.992] DirectoryWatcher:: Added:: WatchInfo: /home/souza/Organização/Recursos/Repositórios/mock-api/src/controllers/node_modules 1 undefined Project: /dev/null/inferredProject1* watcher already invoked: false
[19:05:42.992] Elapsed:: 0.08436799980700016ms DirectoryWatcher:: Added:: WatchInfo: /home/souza/Organização/Recursos/Repositórios/mock-api/src/controllers/node_modules 1 undefined Project: /dev/null/inferredProject1* watcher already invoked: false
[19:05:42.993] Sending response:
    {"projectName":"/dev/null/inferredProject1*","typeAcquisition":{"enable":true,"include":[],"exclude":[]},"compilerOptions":{"module":1,"target":3,"jsx":1,"allowJs":true,"allowSyntheticDefaultImports":true,"allowNonTsExtensions":true,"noEmitForJsFiles":true,"maxNodeModuleJsDepth":2},"typings":[],"unresolvedImports":[],"kind":"action::set"}
[19:05:42.993] Response has been sent.
[19:05:42.993] No new typings were requested as a result of typings discovery
